This is LuaHBTeX, Version 1.18.1 (MiKTeX 24.4) (format=lualatex 2024.6.14)  25 JUN 2024 16:06
 restricted system commands enabled.
**Main.tex
(./Main.tex
LaTeX2e <2024-06-01>
L3 programming layer <2024-05-08>
Lua module: luaotfload 2024-02-14 3.28 Lua based OpenType font support
Lua module: lualibs 2023-07-13 2.76 ConTeXt Lua standard libraries.
Lua module: lualibs-extended 2023-07-13 2.76 ConTeXt Lua libraries -- extended c
ollection.
luaotfload | conf : Root cache directory is "C:/Users/HRIDYANSH GAUTAM/AppData/L
ocal/MiKTeX/luatex-cache/generic/names".
luaotfload | init : Loading fontloader "fontloader-2023-12-28.lua" from kpse-res
olved path "D:/Program Files/Miktex/tex/luatex/luaotfload/fontloader-2023-12-28.
lua".
Lua-only attribute luaotfload@noligature = 1
luaotfload | init : Context OpenType loader version 3.134
Inserting `luaotfload.node_processor' in `pre_linebreak_filter'.
Inserting `luaotfload.node_processor' in `hpack_filter'.
Inserting `luaotfload.glyph_stream' in `glyph_stream_provider'.
Inserting `luaotfload.define_font' in `define_font'.
Lua-only attribute luaotfload_color_attribute = 2
luaotfload | conf : Root cache directory is "C:/Users/HRIDYANSH GAUTAM/AppData/L
ocal/MiKTeX/luatex-cache/generic/names".
Inserting `luaotfload.harf.strip_prefix' in `find_opentype_file'.
Inserting `luaotfload.harf.strip_prefix' in `find_truetype_file'.
Removing  `luaotfload.glyph_stream' from `glyph_stream_provider'.
Inserting `luaotfload.harf.glyphstream' in `glyph_stream_provider'.
Inserting `luaotfload.harf.finalize_vlist' in `post_linebreak_filter'.
Inserting `luaotfload.harf.finalize_hlist' in `hpack_filter'.
Inserting `luaotfload.cleanup_files' in `wrapup_run'.
Inserting `luaotfload.harf.finalize_unicode' in `finish_pdffile'.
Inserting `luaotfload.glyphinfo' in `glyph_info'.
Lua-only attribute luaotfload.letterspace_done = 3
Inserting `luaotfload.aux.set_sscale_dimens' in `luaotfload.patch_font'.
Inserting `luaotfload.aux.set_font_index' in `luaotfload.patch_font'.
Inserting `luaotfload.aux.patch_cambria_domh' in `luaotfload.patch_font'.
Inserting `luaotfload.aux.fixup_fontdata' in `luaotfload.patch_font_unsafe'.
Inserting `luaotfload.aux.set_capheight' in `luaotfload.patch_font'.
Inserting `luaotfload.aux.set_xheight' in `luaotfload.patch_font'.
Inserting `luaotfload.rewrite_fontname' in `luaotfload.patch_font'.
Inserting `tracingstacklevels' in `input_level_string'. ("D:/Program Files/Mikt
ex/tex/latex/latex-lab/documentmetadata-support.ltx"
("D:/Program Files/Miktex/tex/latex/pdfmanagement-testphase/pdfmanagement-testp
hase.sty"
Package: pdfmanagement-testphase 2024-05-23 v0.96i LaTeX PDF management testpha
se bundle
 ("D:/Program Files/Miktex/tex/latex/tagpdf/tagpdf-base.sty"
Package: tagpdf-base 2024-04-12 v0.99b part of tagpdf - provide base, no-op ver
sions of the user commands 
\c@g__tag_MCID_abs_int=\count192
\c@g__tag_struct_abs_int=\count193
)
("D:/Program Files/Miktex/tex/latex/pdfmanagement-testphase/pdfmanagement-testp
hase.ltx"
File: pdfmanagement-testphase.ltx 2024-05-23 v0.96i PDF management code (testph
ase)
\g__pdfmanagement_EmbeddedFiles_int=\count194
\l__pdfmeta_xmp_indent_int=\count195
))) ("D:/Program Files/Miktex/tex/latex/l3backend/l3backend-luatex.def"
File: l3backend-luatex.def 2024-05-08 L3 backend support: PDF output (LuaTeX)
\l__color_backend_stack_int=\count196
Inserting `l3color' in `luaotfload.parse_color'.
Inserting `l3opacity' in `luaotfload.parse_transparent'.
\l__pdf_internal_box=\box52
)
("D:/Program Files/Miktex/tex/latex/pdfmanagement-testphase/l3backend-testphase
-luatex.def"
File: l3backend-testphase-luatex.def 2024-05-23 LaTeX PDF management testphase 
bundle backend support:PDFoutput(LuaTeX)
\l__pdf_backend_tmpa_box=\box53
\l__pdf_backend_tmpb_box=\box54
\g__pdf_backend_resourceid_int=\count197
\g__pdf_backend_name_int=\count198
\g__pdf_backend_page_int=\count199
)
("D:/Program Files/Miktex/tex/latex/pdfmanagement-testphase/pdfmanagement-first
aid.sty"
Package: pdfmanagement-firstaid 2024-05-23 v0.96i LaTeX PDF management testphas
e bundle / firstaid-patches

Package pdfmanagement Info: loading pdfmanagement firstaid code for pgf

) ("D:/Program Files/Miktex/tex/latex/base/article.cls"
Document Class: article 2024/02/08 v1.4n Standard LaTeX document class
("D:/Program Files/Miktex/tex/latex/base/size10.clo"
File: size10.clo 2024/02/08 v1.4n Standard LaTeX file (size option)
luaotfload | db : Font names database loaded from C:/Users/HRIDYANSH GAUTAM/AppD
ata/Local/MiKTeX/luatex-cache/generic/names/luaotfload-names.luc.gz)
\c@part=\count266
\c@section=\count267
\c@subsection=\count268
\c@subsubsection=\count269
\c@paragraph=\count270
\c@subparagraph=\count271
\c@figure=\count272
\c@table=\count273
\abovecaptionskip=\skip49
\belowcaptionskip=\skip50
\bibindent=\dimen140
)
("D:/Program Files/Miktex/tex/latex/embedfile/embedfile.sty"
Package: embedfile 2023-01-12 v2.12 Embed files into PDF (HO)

("D:/Program Files/Miktex/tex/generic/infwarerr/infwarerr.sty"
Package: infwarerr 2019/12/03 v1.5 Providing info/warning/error messages (HO)
)
("D:/Program Files/Miktex/tex/generic/iftex/iftex.sty"
Package: iftex 2022/02/03 v1.0f TeX engine tests
)
("D:/Program Files/Miktex/tex/generic/pdftexcmds/pdftexcmds.sty"
Package: pdftexcmds 2020-06-27 v0.33 Utility functions of pdfTeX for LuaTeX (HO
)

("D:/Program Files/Miktex/tex/generic/ltxcmds/ltxcmds.sty"
Package: ltxcmds 2023-12-04 v1.26 LaTeX kernel commands for general use (HO)
)
Package pdftexcmds Info: \pdf@primitive is available.
Package pdftexcmds Info: \pdf@ifprimitive is available.
Package pdftexcmds Info: \pdfdraftmode found.
\pdftexcmds@toks=\toks17
)
("D:/Program Files/Miktex/tex/latex/kvsetkeys/kvsetkeys.sty"
Package: kvsetkeys 2022-10-05 v1.19 Key value parser (HO)
)
("D:/Program Files/Miktex/tex/generic/kvdefinekeys/kvdefinekeys.sty"
Package: kvdefinekeys 2019-12-19 v1.6 Define keys (HO)
)
("D:/Program Files/Miktex/tex/generic/pdfescape/pdfescape.sty"
Package: pdfescape 2019/12/09 v1.15 Implements pdfTeX's escape features (HO)
))
("D:/Program Files/Miktex/tex/generic/babel/babel.sty"
Package: babel 2024/05/18 v24.5 The Babel package

("D:/Program Files/Miktex/tex/generic/babel/luababel.def"
\bbl@readstream=\read2
\l@afrikaans=\language2
Package babel Info: Non-standard hyphenation setup on input line 118.
\l@ancientgreek=\language3
\l@armenian=\language4
\l@assamese=\language5
\l@basque=\language6
\l@belarusian=\language7
\l@bengali=\language8
\l@bokmal=\language9
\l@bulgarian=\language10
\l@catalan=\language11
\l@churchslavonic=\language12
\l@classiclatin=\language13
\l@coptic=\language14
\l@croatian=\language15
\l@czech=\language16
\l@danish=\language17
\l@dutch=\language18
\l@esperanto=\language19
\l@estonian=\language20
\l@ethiopic=\language21
\l@finnish=\language22
\l@french=\language23
\l@friulan=\language24
\l@galician=\language25
\l@georgian=\language26
\l@german=\language27
\l@greek=\language28
\l@gujarati=\language29
\l@hindi=\language30
\l@hungarian=\language31
\l@icelandic=\language32
\l@indonesian=\language33
\l@interlingua=\language34
\l@irish=\language35
\l@italian=\language36
\l@kannada=\language37
\l@kurmanji=\language38
\l@latin=\language39
\l@latvian=\language40
\l@lithuanian=\language41
\l@liturgicallatin=\language42
\l@macedonian=\language43
\l@malayalam=\language44
\l@marathi=\language45
\l@mongolian=\language46
\l@mongolianlmc=\language47
\l@monogreek=\language48
\l@ngerman=\language49
\l@nynorsk=\language50
\l@occitan=\language51
\l@oriya=\language52
\l@pali=\language53
\l@panjabi=\language54
\l@piedmontese=\language55
\l@polish=\language56
\l@portuguese=\language57
\l@romanian=\language58
\l@romansh=\language59
\l@russian=\language60
\l@sanskrit=\language61
\l@serbian=\language62
\l@serbianc=\language63
\l@slovak=\language64
\l@slovenian=\language65
\l@spanish=\language66
\l@swedish=\language67
\l@swissgerman=\language68
\l@tamil=\language69
\l@telugu=\language70
\l@thai=\language71
\l@turkish=\language72
\l@turkmen=\language73
\l@ukenglish=\language74
\l@ukrainian=\language75
\l@uppersorbian=\language76
\l@usenglishmax=\language77
\l@welsh=\language78
\babelcatcodetablenum=\catcodetable14
\bbl@pattcodes=\catcodetable15
)
\babel@savecnt=\count274
\U@D=\dimen141
\l@unhyphenated=\language79

("D:/Program Files/Miktex/tex/generic/babel/luababel.def"
\bbl@attr@locale=\attribute4
)
*************************************
* Local config file bblopts.cfg used
*
("D:/Program Files/Miktex/tex/latex/arabi/bblopts.cfg"
File: bblopts.cfg 2005/09/08 v0.1 add Arabic and Farsi to "declared" options of
 babel
)
("D:/Program Files/Miktex/tex/latex/babel-english/english.ldf"
Language: english 2017/06/06 v3.3r English support from the babel system
Package babel Info: Hyphen rules for 'canadian' set to \l@english
(babel)             (\language0). Reported on input line 102.
Package babel Info: Hyphen rules for 'australian' set to \l@ukenglish
(babel)             (\language74). Reported on input line 105.
Package babel Info: Hyphen rules for 'newzealand' set to \l@ukenglish
(babel)             (\language74). Reported on input line 108.
))
("D:/Program Files/Miktex/tex/generic/babel/locale/en/babel-english.tex"
Package babel Info: Importing font and identification data for english
(babel)             from babel-en.ini. Reported on input line 11.
)
("D:/Program Files/Miktex/tex/latex/base/textcomp.sty"
Package: textcomp 2024/04/24 v2.1b Standard LaTeX package
)
("D:/Program Files/Miktex/tex/latex/base/fontenc.sty"
Package: fontenc 2021/04/29 v2.0v Standard LaTeX package
LaTeX Font Info:    Trying to load font information for T1+lmr on input line 11
6.

("D:/Program Files/Miktex/tex/latex/lm/t1lmr.fd"
File: t1lmr.fd 2015/05/01 v1.6.1 Font defs for Latin Modern
))
("D:/Program Files/Miktex/tex/latex/fontspec/fontspec.sty"
("D:/Program Files/Miktex/tex/latex/l3packages/xparse/xparse.sty"
("D:/Program Files/Miktex/tex/latex/l3kernel/expl3.sty"
Package: expl3 2024-05-08 L3 programming layer (loader) 
)
Package: xparse 2024-05-08 L3 Experimental document command parser
)
Package: fontspec 2024/05/11 v2.9e Font selection for XeLaTeX and LuaLaTeX
Lua module: fontspec 2024/05/11 2.9e Font selection for XeLaTeX and LuaLaTeX
("D:/Program Files/Miktex/tex/latex/fontspec/fontspec-luatex.sty"
Package: fontspec-luatex 2024/05/11 v2.9e Font selection for XeLaTeX and LuaLaT
eX
\l__fontspec_script_int=\count275
\l__fontspec_language_int=\count276
\l__fontspec_strnum_int=\count277
\l__fontspec_tmp_int=\count278
\l__fontspec_tmpa_int=\count279
\l__fontspec_tmpb_int=\count280
\l__fontspec_tmpc_int=\count281
\l__fontspec_em_int=\count282
\l__fontspec_emdef_int=\count283
\l__fontspec_strong_int=\count284
\l__fontspec_strongdef_int=\count285
\l__fontspec_tmpa_dim=\dimen142
\l__fontspec_tmpb_dim=\dimen143
\l__fontspec_tmpc_dim=\dimen144

("D:/Program Files/Miktex/tex/latex/base/fontenc.sty"
Package: fontenc 2021/04/29 v2.0v Standard LaTeX package
)
("D:/Program Files/Miktex/tex/latex/fontspec/fontspec.cfg")))
("D:/Program Files/Miktex/tex/latex/polyglossia/polyglossia.sty"
Package: polyglossia 2024/03/07 v2.1 Modern multilingual typesetting with XeLaT
eX and LuaLaTeX

("D:/Program Files/Miktex/tex/latex/etoolbox/etoolbox.sty"
Package: etoolbox 2020/10/05 v2.5k e-TeX tools for LaTeX (JAW)
\etb@tempcnta=\count286
)
("D:/Program Files/Miktex/tex/latex/xkeyval/xkeyval.sty"
Package: xkeyval 2022/06/16 v2.9 package option processing (HA)

("D:/Program Files/Miktex/tex/generic/xkeyval/xkeyval.tex"
("D:/Program Files/Miktex/tex/generic/xkeyval/xkvutils.tex"
\XKV@toks=\toks18
\XKV@tempa@toks=\toks19

("D:/Program Files/Miktex/tex/generic/xkeyval/keyval.tex"))
\XKV@depth=\count287
File: xkeyval.tex 2014/12/03 v2.7a key=value parser (HA)
))
("D:/Program Files/Miktex/tex/luatex/luatexbase/luatexbase.sty"
Package: luatexbase 2015/10/04 v1.3 luatexbase interface to LuaTeX 

("D:/Program Files/Miktex/tex/luatex/ctablestack/ctablestack.sty"
Package: ctablestack 2015/10/01 v1.0 Catcode table stable support
\@catcodetablestackcnt=\count288
)
\CatcodeTableOther=\catcodetable16
\CatcodeTableExpl=\catcodetable17
)
Lua module: polyglossia 2013/05/11 1.3 Polyglossia
("D:/Program Files/Miktex/tex/latex/polyglossia/gloss-latex.ldf"
File: gloss-latex.ldf polyglossia: module for default language
)
Package polyglossia Info: Default language is latex.
Package polyglossia Info: Setting LuaTeX font renderer to Harfbuzz.
)
("D:/Program Files/Miktex/tex/latex/polyglossia/gloss-english.ldf"
File: gloss-english.ldf polyglossia: module for English
Package polyglossia Info: Option: English, variant=american.
)
Package polyglossia Info: Default language is english.

("D:/Program Files/Miktex/tex/latex/polyglossia/gloss-hindi.ldf"
File: gloss-hindi.ldf polyglossia: module for Hindi

("D:/Program Files/Miktex/tex/latex/polyglossia/devanagaridigits.sty"
Package: devanagaridigits 2010/04/01 v0.1 Formatting of Devanagari digits
)
Package polyglossia Info: Option: Hindi, numerals=devanagari.
)
luaotfload | cache : Lookup cache loaded from C:/Users/HRIDYANSH GAUTAM/AppData/
Local/MiKTeX/luatex-cache/generic/names/luaotfload-lookup-cache.luc.

Package fontspec Info: 
(fontspec)             Could not resolve font "Noto Sans Devanagari/BI" (it
(fontspec)             probably doesn't exist).


Package fontspec Info: 
(fontspec)             Could not resolve font "Noto Sans Devanagari/I" (it
(fontspec)             probably doesn't exist).


Package fontspec Info: 
(fontspec)             Font family 'NotoSansDevanagari(0)' created for font
(fontspec)             'Noto Sans Devanagari' with options
(fontspec)             [Renderer=Harfbuzz,Script=Devanagari].
(fontspec)              
(fontspec)              This font family consists of the following NFSS
(fontspec)             series/shapes:
(fontspec)              
(fontspec)             - 'normal' (m/n) with NFSS spec.: <->"name:Noto Sans
(fontspec)             Devanagari:mode=harf;script=dev2;language=dflt;"
(fontspec)             - 'bold' (b/n) with NFSS spec.: <->"name:Noto Sans
(fontspec)             Devanagari/B:mode=harf;script=dev2;language=dflt;"


Package fontspec Info: 
(fontspec)             Font family 'Arial(0)' created for font 'Arial' with
(fontspec)             options [Renderer=Harfbuzz,Ligatures=TeX].
(fontspec)              
(fontspec)              This font family consists of the following NFSS
(fontspec)             series/shapes:
(fontspec)              
(fontspec)             - 'normal' (m/n) with NFSS spec.:
(fontspec)             <->"name:Arial:mode=harf;script=latn;language=dflt;+tlig
;"
(fontspec)             - 'small caps'  (m/sc) with NFSS spec.:
(fontspec)             <->"name:Arial:mode=harf;script=latn;language=dflt;+tlig
;+smcp;"
(fontspec)             - 'bold' (b/n) with NFSS spec.:
(fontspec)             <->"name:Arial/B:mode=harf;script=latn;language=dflt;+tl
ig;"
(fontspec)             - 'bold small caps'  (b/sc) with NFSS spec.:
(fontspec)             <->"name:Arial/B:mode=harf;script=latn;language=dflt;+tl
ig;+smcp;"
(fontspec)             - 'italic' (m/it) with NFSS spec.:
(fontspec)             <->"name:Arial/I:mode=harf;script=latn;language=dflt;+tl
ig;"
(fontspec)             - 'bold italic' (b/it) with NFSS spec.:
(fontspec)             <->"name:Arial/BI:mode=harf;script=latn;language=dflt;+t
lig;"


("D:/Program Files/Miktex/tex/latex/tools/longtable.sty"
Package: longtable 2023-11-01 v4.19 Multi-page Table package (DPC)
\LTleft=\skip51
\LTright=\skip52
\LTpre=\skip53
\LTpost=\skip54
\LTchunksize=\count289
\LTcapwidth=\dimen145
\LT@head=\box55
\LT@firsthead=\box56
\LT@foot=\box57
\LT@lastfoot=\box58
\LT@gbox=\box59
\LT@cols=\count290
\LT@rows=\count291
\c@LT@tables=\count292
\c@LT@chunks=\count293
\LT@p@ftn=\toks20
)
("D:/Program Files/Miktex/tex/latex/arial/uarial.sty"
Package: uarial 2006/03/21 1.0 (WaS)
)
("D:/Program Files/Miktex/tex/latex/geometry/geometry.sty"
Package: geometry 2020/01/02 v5.9 Page Geometry

("D:/Program Files/Miktex/tex/generic/iftex/ifvtex.sty"
Package: ifvtex 2019/10/25 v1.7 ifvtex legacy package. Use iftex instead.
)
\Gm@cnth=\count294
\Gm@cntv=\count295
\c@Gm@tempcnt=\count296
\Gm@bindingoffset=\dimen146
\Gm@wd@mp=\dimen147
\Gm@odd@mp=\dimen148
\Gm@even@mp=\dimen149
\Gm@layoutwidth=\dimen150
\Gm@layoutheight=\dimen151
\Gm@layouthoffset=\dimen152
\Gm@layoutvoffset=\dimen153
\Gm@dimlist=\toks21

("D:/Program Files/Miktex/tex/latex/geometry/geometry.cfg"))
("D:/Program Files/Miktex/tex/latex/emptypage/emptypage.sty"
Package: emptypage 2010/05/30 v1.2 Suppress page numbers and headings on empty 
pages
)
("D:/Program Files/Miktex/tex/latex/siunitx/siunitx.sty"
Package: siunitx 2024-05-06 v3.3.17 A comprehensive (SI) units package
\l__siunitx_number_uncert_offset_int=\count297
\l__siunitx_number_exponent_fixed_int=\count298
\l__siunitx_number_min_decimal_int=\count299
\l__siunitx_number_min_integer_int=\count300
\l__siunitx_number_round_precision_int=\count301
\l__siunitx_number_lower_threshold_int=\count302
\l__siunitx_number_upper_threshold_int=\count303
\l__siunitx_number_group_first_int=\count304
\l__siunitx_number_group_size_int=\count305
\l__siunitx_number_group_minimum_int=\count306
\l__siunitx_angle_tmp_dim=\dimen154
\l__siunitx_angle_marker_box=\box60
\l__siunitx_angle_unit_box=\box61
\l__siunitx_compound_count_int=\count307

("D:/Program Files/Miktex/tex/latex/translations/translations.sty"
Package: translations 2022/02/05 v1.12 internationalization of LaTeX2e packages
 (CN)
)
("D:/Program Files/Miktex/tex/latex/amsmath/amstext.sty"
Package: amstext 2021/08/26 v2.01 AMS text

("D:/Program Files/Miktex/tex/latex/amsmath/amsgen.sty"
File: amsgen.sty 1999/11/30 v2.0 generic functions
\@emptytoks=\toks22
\ex@=\dimen155
))
\l__siunitx_table_tmp_box=\box62
\l__siunitx_table_tmp_dim=\dimen156
\l__siunitx_table_column_width_dim=\dimen157
\l__siunitx_table_integer_box=\box63
\l__siunitx_table_decimal_box=\box64
\l__siunitx_table_uncert_box=\box65
\l__siunitx_table_before_box=\box66
\l__siunitx_table_after_box=\box67
\l__siunitx_table_before_dim=\dimen158
\l__siunitx_table_carry_dim=\dimen159
\l__siunitx_unit_tmp_int=\count308
\l__siunitx_unit_position_int=\count309
\l__siunitx_unit_total_int=\count310

("D:/Program Files/Miktex/tex/latex/tools/array.sty"
Package: array 2023/10/16 v2.5g Tabular extension package (FMi)
\col@sep=\dimen160
\ar@mcellbox=\box68
\extrarowheight=\dimen161
\NC@list=\toks23
\extratabsurround=\skip55
\backup@length=\skip56
\ar@cellbox=\box69
))
("D:/Program Files/Miktex/tex/latex/makecell/makecell.sty"
Package: makecell 2009/08/03 V0.1e Managing of Tab Column Heads and Cells
\rotheadsize=\dimen162
\c@nlinenum=\count311
\TeXr@lab=\toks24
)
("D:/Program Files/Miktex/tex/latex/xcolor/xcolor.sty"
Package: xcolor 2023/11/15 v3.01 LaTeX color extensions (UK)

("D:/Program Files/Miktex/tex/latex/graphics-cfg/color.cfg"
File: color.cfg 2016/01/02 v1.6 sample color configuration
)
Package xcolor Info: Driver file: luatex.def on input line 274.

("D:/Program Files/Miktex/tex/latex/graphics-def/luatex.def"
File: luatex.def 2024/04/13 v1.2e Graphics/color driver for luatex
)
("D:/Program Files/Miktex/tex/latex/graphics/mathcolor.ltx")
Package xcolor Info: Model `cmy' substituted by `cmy0' on input line 1350.
Package xcolor Info: Model `hsb' substituted by `rgb' on input line 1354.
Package xcolor Info: Model `RGB' extended on input line 1366.
Package xcolor Info: Model `HTML' substituted by `rgb' on input line 1368.
Package xcolor Info: Model `Hsb' substituted by `hsb' on input line 1369.
Package xcolor Info: Model `tHsb' substituted by `hsb' on input line 1370.
Package xcolor Info: Model `HSB' substituted by `hsb' on input line 1371.
Package xcolor Info: Model `Gray' substituted by `gray' on input line 1372.
Package xcolor Info: Model `wave' substituted by `hsb' on input line 1373.
)
("D:/Program Files/Miktex/tex/latex/pdfmanagement-testphase/xcolor-patches-tmp-
ltx.sty"
Package: xcolor-patches-tmp-ltx 2024-05-23 v0.96i patch xcolor for l3color
) ("D:/Program Files/Miktex/tex/latex/multirow/multirow.sty"
Package: multirow 2021/03/15 v2.8 Span multiple rows of a table
\multirow@colwidth=\skip57
\multirow@cntb=\count312
\multirow@dima=\skip58
\bigstrutjot=\dimen163
)
("D:/Program Files/Miktex/tex/latex/tools/multicol.sty"
Package: multicol 2023/03/30 v1.9f multicolumn formatting (FMi)
\c@tracingmulticols=\count313
\mult@box=\box70
\multicol@leftmargin=\dimen164
\c@unbalance=\count314
\c@collectmore=\count315
\doublecol@number=\count316
\multicoltolerance=\count317
\multicolpretolerance=\count318
\full@width=\dimen165
\page@free=\dimen166
\premulticols=\dimen167
\postmulticols=\dimen168
\multicolsep=\skip59
\multicolbaselineskip=\skip60
\partial@page=\box71
\last@line=\box72
\mc@boxedresult=\box73
\maxbalancingoverflow=\dimen169
\mult@rightbox=\box74
\mult@grightbox=\box75
\mult@firstbox=\box76
\mult@gfirstbox=\box77
\@tempa=\box78
\@tempa=\box79
\@tempa=\box80
\@tempa=\box81
\@tempa=\box82
\@tempa=\box83
\@tempa=\box84
\@tempa=\box85
\@tempa=\box86
\@tempa=\box87
\@tempa=\box88
\@tempa=\box89
\@tempa=\box90
\@tempa=\box91
\@tempa=\box92
\@tempa=\box93
\@tempa=\box94
\@tempa=\box95
\@tempa=\box96
\@tempa=\box97
\@tempa=\box98
\@tempa=\box99
\@tempa=\box100
\@tempa=\box101
\@tempa=\box102
\@tempa=\box103
\@tempa=\box104
\@tempa=\box105
\@tempa=\box106
\@tempa=\box107
\@tempa=\box108
\@tempa=\box109
\@tempa=\box110
\@tempa=\box111
\@tempa=\box112
\@tempa=\box113
\c@minrows=\count319
\c@columnbadness=\count320
\c@finalcolumnbadness=\count321
\last@try=\dimen170
\multicolovershoot=\dimen171
\multicolundershoot=\dimen172
\mult@nat@firstbox=\box114
\colbreak@box=\box115
\mc@col@check@num=\count322
)
("D:/Program Files/Miktex/tex/latex/background/background.sty"
Package: background 2014/03/04 v2.1 background material

("D:/Program Files/Miktex/tex/latex/pgf/frontendlayer/tikz.sty"
("D:/Program Files/Miktex/tex/latex/pgf/basiclayer/pgf.sty"
("D:/Program Files/Miktex/tex/latex/pgf/utilities/pgfrcs.sty"
("D:/Program Files/Miktex/tex/generic/pgf/utilities/pgfutil-common.tex"
\pgfutil@everybye=\toks25
\pgfutil@tempdima=\dimen173
\pgfutil@tempdimb=\dimen174
)
("D:/Program Files/Miktex/tex/generic/pgf/utilities/pgfutil-latex.def"
\pgfutil@abb=\box116
)
("D:/Program Files/Miktex/tex/generic/pgf/utilities/pgfrcs.code.tex"
("D:/Program Files/Miktex/tex/generic/pgf/pgf.revision.tex")
Package: pgfrcs 2023-01-15 v3.1.10 (3.1.10)
))
Package: pgf 2023-01-15 v3.1.10 (3.1.10)

("D:/Program Files/Miktex/tex/latex/pgf/basiclayer/pgfcore.sty"
("D:/Program Files/Miktex/tex/latex/graphics/graphicx.sty"
Package: graphicx 2021/09/16 v1.2d Enhanced LaTeX Graphics (DPC,SPQR)

("D:/Program Files/Miktex/tex/latex/graphics/graphics.sty"
Package: graphics 2022/03/10 v1.4e Standard LaTeX Graphics (DPC,SPQR)

("D:/Program Files/Miktex/tex/latex/graphics/trig.sty"
Package: trig 2021/08/11 v1.11 sin cos tan (DPC)
)
("D:/Program Files/Miktex/tex/latex/graphics-cfg/graphics.cfg"
File: graphics.cfg 2016/06/04 v1.11 sample graphics configuration
)
Package graphics Info: Driver file: luatex.def on input line 107.
)
\Gin@req@height=\dimen175
\Gin@req@width=\dimen176
)
("D:/Program Files/Miktex/tex/latex/pgf/systemlayer/pgfsys.sty"
("D:/Program Files/Miktex/tex/generic/pgf/systemlayer/pgfsys.code.tex"
Package: pgfsys 2023-01-15 v3.1.10 (3.1.10)

("D:/Program Files/Miktex/tex/generic/pgf/utilities/pgfkeys.code.tex"
\pgfkeys@pathtoks=\toks26
\pgfkeys@temptoks=\toks27

("D:/Program Files/Miktex/tex/generic/pgf/utilities/pgfkeyslibraryfiltered.code
.tex"
\pgfkeys@tmptoks=\toks28
))
\pgf@x=\dimen177
\pgf@y=\dimen178
\pgf@xa=\dimen179
\pgf@ya=\dimen180
\pgf@xb=\dimen181
\pgf@yb=\dimen182
\pgf@xc=\dimen183
\pgf@yc=\dimen184
\pgf@xd=\dimen185
\pgf@yd=\dimen186
\w@pgf@writea=\write3
\r@pgf@reada=\read3
\c@pgf@counta=\count323
\c@pgf@countb=\count324
\c@pgf@countc=\count325
\c@pgf@countd=\count326
\t@pgf@toka=\toks29
\t@pgf@tokb=\toks30
\t@pgf@tokc=\toks31
\pgf@sys@id@count=\count327
 ("D:/Program Files/Miktex/tex/generic/pgf/systemlayer/pgf.cfg"
File: pgf.cfg 2023-01-15 v3.1.10 (3.1.10)
)
Driver file for pgf: pgfsys-luatex.def

("D:/Program Files/Miktex/tex/generic/pgf/systemlayer/pgfsys-luatex.def"
File: pgfsys-luatex.def 2023-01-15 v3.1.10 (3.1.10)

("D:/Program Files/Miktex/tex/generic/pgf/systemlayer/pgfsys-common-pdf.def"
File: pgfsys-common-pdf.def 2023-01-15 v3.1.10 (3.1.10)
))) ("D:/Program Files/Miktex/tex/generic/pgf/systemlayer/pgfsyssoftpath.code.t
ex"
File: pgfsyssoftpath.code.tex 2023-01-15 v3.1.10 (3.1.10)
\pgfsyssoftpath@smallbuffer@items=\count328
\pgfsyssoftpath@bigbuffer@items=\count329
) ("D:/Program Files/Miktex/tex/generic/pgf/systemlayer/pgfsysprotocol.code.tex
"
File: pgfsysprotocol.code.tex 2023-01-15 v3.1.10 (3.1.10)
)) ("D:/Program Files/Miktex/tex/generic/pgf/basiclayer/pgfcore.code.tex"
Package: pgfcore 2023-01-15 v3.1.10 (3.1.10)

("D:/Program Files/Miktex/tex/generic/pgf/math/pgfmath.code.tex"
("D:/Program Files/Miktex/tex/generic/pgf/math/pgfmathutil.code.tex")
("D:/Program Files/Miktex/tex/generic/pgf/math/pgfmathparser.code.tex"
\pgfmath@dimen=\dimen187
\pgfmath@count=\count330
\pgfmath@box=\box117
\pgfmath@toks=\toks32
\pgfmath@stack@operand=\toks33
\pgfmath@stack@operation=\toks34
)
("D:/Program Files/Miktex/tex/generic/pgf/math/pgfmathfunctions.code.tex")
("D:/Program Files/Miktex/tex/generic/pgf/math/pgfmathfunctions.basic.code.tex"
)
("D:/Program Files/Miktex/tex/generic/pgf/math/pgfmathfunctions.trigonometric.c
ode.tex")
("D:/Program Files/Miktex/tex/generic/pgf/math/pgfmathfunctions.random.code.tex
")
("D:/Program Files/Miktex/tex/generic/pgf/math/pgfmathfunctions.comparison.code
.tex")
("D:/Program Files/Miktex/tex/generic/pgf/math/pgfmathfunctions.base.code.tex") ("D:/Program Files/Miktex/tex/generic/pgf/math/pgfmathfunctions.round.code.tex") ("D:/Program Files/Miktex/tex/generic/pgf/math/pgfmathfunctions.misc.code.tex")
("D:/Program Files/Miktex/tex/generic/pgf/math/pgfmathfunctions.integerarithmet
ics.code.tex")
("D:/Program Files/Miktex/tex/generic/pgf/math/pgfmathcalc.code.tex")
("D:/Program Files/Miktex/tex/generic/pgf/math/pgfmathfloat.code.tex"
\c@pgfmathroundto@lastzeros=\count331
))
("D:/Program Files/Miktex/tex/generic/pgf/math/pgfint.code.tex")
("D:/Program Files/Miktex/tex/generic/pgf/basiclayer/pgfcorepoints.code.tex"
File: pgfcorepoints.code.tex 2023-01-15 v3.1.10 (3.1.10)
\pgf@picminx=\dimen188
\pgf@picmaxx=\dimen189
\pgf@picminy=\dimen190
\pgf@picmaxy=\dimen191
\pgf@pathminx=\dimen192
\pgf@pathmaxx=\dimen193
\pgf@pathminy=\dimen194
\pgf@pathmaxy=\dimen195
\pgf@xx=\dimen196
\pgf@xy=\dimen197
\pgf@yx=\dimen198
\pgf@yy=\dimen199
\pgf@zx=\dimen256
\pgf@zy=\dimen257
)
("D:/Program Files/Miktex/tex/generic/pgf/basiclayer/pgfcorepathconstruct.code.
tex"
File: pgfcorepathconstruct.code.tex 2023-01-15 v3.1.10 (3.1.10)
\pgf@path@lastx=\dimen258
\pgf@path@lasty=\dimen259
)
("D:/Program Files/Miktex/tex/generic/pgf/basiclayer/pgfcorepathusage.code.tex"
File: pgfcorepathusage.code.tex 2023-01-15 v3.1.10 (3.1.10)
\pgf@shorten@end@additional=\dimen260
\pgf@shorten@start@additional=\dimen261
) ("D:/Program Files/Miktex/tex/generic/pgf/basiclayer/pgfcorescopes.code.tex"
File: pgfcorescopes.code.tex 2023-01-15 v3.1.10 (3.1.10)
\pgfpic=\box118
\pgf@hbox=\box119
\pgf@layerbox@main=\box120
\pgf@picture@serial@count=\count332
)
("D:/Program Files/Miktex/tex/generic/pgf/basiclayer/pgfcoregraphicstate.code.t
ex"
File: pgfcoregraphicstate.code.tex 2023-01-15 v3.1.10 (3.1.10)
\pgflinewidth=\dimen262
)
("D:/Program Files/Miktex/tex/generic/pgf/basiclayer/pgfcoretransformations.cod
e.tex"
File: pgfcoretransformations.code.tex 2023-01-15 v3.1.10 (3.1.10)
\pgf@pt@x=\dimen263
\pgf@pt@y=\dimen264
\pgf@pt@temp=\dimen265
)
("D:/Program Files/Miktex/tex/generic/pgf/basiclayer/pgfcorequick.code.tex"
File: pgfcorequick.code.tex 2023-01-15 v3.1.10 (3.1.10)
)
("D:/Program Files/Miktex/tex/generic/pgf/basiclayer/pgfcoreobjects.code.tex"
File: pgfcoreobjects.code.tex 2023-01-15 v3.1.10 (3.1.10)
)
("D:/Program Files/Miktex/tex/generic/pgf/basiclayer/pgfcorepathprocessing.code
.tex"
File: pgfcorepathprocessing.code.tex 2023-01-15 v3.1.10 (3.1.10)
)
("D:/Program Files/Miktex/tex/generic/pgf/basiclayer/pgfcorearrows.code.tex"
File: pgfcorearrows.code.tex 2023-01-15 v3.1.10 (3.1.10)
\pgfarrowsep=\dimen266
)
("D:/Program Files/Miktex/tex/generic/pgf/basiclayer/pgfcoreshade.code.tex"
File: pgfcoreshade.code.tex 2023-01-15 v3.1.10 (3.1.10)
\pgf@max=\dimen267
\pgf@sys@shading@range@num=\count333
\pgf@shadingcount=\count334
)
("D:/Program Files/Miktex/tex/generic/pgf/basiclayer/pgfcoreimage.code.tex"
File: pgfcoreimage.code.tex 2023-01-15 v3.1.10 (3.1.10)
)
("D:/Program Files/Miktex/tex/generic/pgf/basiclayer/pgfcoreexternal.code.tex"
File: pgfcoreexternal.code.tex 2023-01-15 v3.1.10 (3.1.10)
\pgfexternal@startupbox=\box121
) ("D:/Program Files/Miktex/tex/generic/pgf/basiclayer/pgfcorelayers.code.tex"
File: pgfcorelayers.code.tex 2023-01-15 v3.1.10 (3.1.10)
)
("D:/Program Files/Miktex/tex/generic/pgf/basiclayer/pgfcoretransparency.code.t
ex"
File: pgfcoretransparency.code.tex 2023-01-15 v3.1.10 (3.1.10)
)
("D:/Program Files/Miktex/tex/generic/pgf/basiclayer/pgfcorepatterns.code.tex"
File: pgfcorepatterns.code.tex 2023-01-15 v3.1.10 (3.1.10)
) ("D:/Program Files/Miktex/tex/generic/pgf/basiclayer/pgfcorerdf.code.tex"
File: pgfcorerdf.code.tex 2023-01-15 v3.1.10 (3.1.10)
)))
("D:/Program Files/Miktex/tex/generic/pgf/modules/pgfmoduleshapes.code.tex"
File: pgfmoduleshapes.code.tex 2023-01-15 v3.1.10 (3.1.10)
\pgfnodeparttextbox=\box122
)
("D:/Program Files/Miktex/tex/generic/pgf/modules/pgfmoduleplot.code.tex"
File: pgfmoduleplot.code.tex 2023-01-15 v3.1.10 (3.1.10)
)
("D:/Program Files/Miktex/tex/latex/pgf/compatibility/pgfcomp-version-0-65.sty"
Package: pgfcomp-version-0-65 2023-01-15 v3.1.10 (3.1.10)
\pgf@nodesepstart=\dimen268
\pgf@nodesepend=\dimen269
) ("D:/Program Files/Miktex/tex/latex/pgf/compatibility/pgfcomp-version-1-18.st
y"
Package: pgfcomp-version-1-18 2023-01-15 v3.1.10 (3.1.10)
)) ("D:/Program Files/Miktex/tex/latex/pgf/utilities/pgffor.sty"
("D:/Program Files/Miktex/tex/latex/pgf/utilities/pgfkeys.sty"
("D:/Program Files/Miktex/tex/generic/pgf/utilities/pgfkeys.code.tex"))
("D:/Program Files/Miktex/tex/latex/pgf/math/pgfmath.sty"
("D:/Program Files/Miktex/tex/generic/pgf/math/pgfmath.code.tex"))
("D:/Program Files/Miktex/tex/generic/pgf/utilities/pgffor.code.tex"
Package: pgffor 2023-01-15 v3.1.10 (3.1.10)
\pgffor@iter=\dimen270
\pgffor@skip=\dimen271
\pgffor@stack=\toks35
\pgffor@toks=\toks36
))
("D:/Program Files/Miktex/tex/generic/pgf/frontendlayer/tikz/tikz.code.tex"
Package: tikz 2023-01-15 v3.1.10 (3.1.10)

("D:/Program Files/Miktex/tex/generic/pgf/libraries/pgflibraryplothandlers.code
.tex"
File: pgflibraryplothandlers.code.tex 2023-01-15 v3.1.10 (3.1.10)
\pgf@plot@mark@count=\count335
\pgfplotmarksize=\dimen272
)
\tikz@lastx=\dimen273
\tikz@lasty=\dimen274
\tikz@lastxsaved=\dimen275
\tikz@lastysaved=\dimen276
\tikz@lastmovetox=\dimen277
\tikz@lastmovetoy=\dimen278
\tikzleveldistance=\dimen279
\tikzsiblingdistance=\dimen280
\tikz@figbox=\box123
\tikz@figbox@bg=\box124
\tikz@tempbox=\box125
\tikz@tempbox@bg=\box126
\tikztreelevel=\count336
\tikznumberofchildren=\count337
\tikznumberofcurrentchild=\count338
\tikz@fig@count=\count339

("D:/Program Files/Miktex/tex/generic/pgf/modules/pgfmodulematrix.code.tex"
File: pgfmodulematrix.code.tex 2023-01-15 v3.1.10 (3.1.10)
\pgfmatrixcurrentrow=\count340
\pgfmatrixcurrentcolumn=\count341
\pgf@matrix@numberofcolumns=\count342
)
\tikz@expandcount=\count343

("D:/Program Files/Miktex/tex/generic/pgf/frontendlayer/tikz/libraries/tikzlibr
arytopaths.code.tex"
File: tikzlibrarytopaths.code.tex 2023-01-15 v3.1.10 (3.1.10)
)))
("D:/Program Files/Miktex/tex/latex/everypage/everypage.sty"
Package: everypage 2020/10/17 R2.0b Hooks to run on every page


Package everypage Warning: Functionality similar to this package has recently
(everypage)                been implemented in LaTeX. This package is now in
(everypage)                legacy status.
(everypage)                Please, don't use it in new documents and packages.


Package everypage Warning: You appear to be running a version of LaTeX
(everypage)                providing the new functionality.
(everypage)                Doing the best to deliver the original `everypage`
(everypage)                interface on top of it. Strict equivalence is
(everypage)                not possible, breakage may occur.
(everypage)                If truly needed, Use `everypage-1x` to force the
(everypage)                loading of an older code base.

) ("D:/Program Files/Miktex/tex/latex/tools/afterpage.sty"
Package: afterpage 2023/07/04 v1.08 After-Page Package (DPC)
\AP@output=\toks37
\AP@partial=\box127
\AP@footins=\box128
))
("D:/Program Files/Miktex/tex/latex/tcolorbox/tcolorbox.sty"
Package: tcolorbox 2024/01/10 version 6.2.0 text color boxes

("D:/Program Files/Miktex/tex/latex/tools/verbatim.sty"
Package: verbatim 2023-11-06 v1.5v LaTeX2e package for verbatim enhancements
\every@verbatim=\toks38
\verbatim@line=\toks39
\verbatim@in@stream=\read4
)
("D:/Program Files/Miktex/tex/latex/environ/environ.sty"
Package: environ 2014/05/04 v0.3 A new way to define environments

("D:/Program Files/Miktex/tex/latex/trimspaces/trimspaces.sty"
Package: trimspaces 2009/09/17 v1.1 Trim spaces around a token list
)
\@envbody=\toks40
)
\tcb@titlebox=\box129
\tcb@upperbox=\box130
\tcb@lowerbox=\box131
\tcb@phantombox=\box132
\c@tcbbreakpart=\count344
\c@tcblayer=\count345
\c@tcolorbox@number=\count346
\l__tcobox_tmpa_box=\box133
\l__tcobox_tmpa_dim=\dimen281
\tcb@temp=\box134
\tcb@temp=\box135
\tcb@temp=\box136
\tcb@temp=\box137
)
("D:/Program Files/Miktex/tex/latex/tools/tabularx.sty"
Package: tabularx 2023/07/08 v2.11c `tabularx' package (DPC)
\TX@col@width=\dimen282
\TX@old@table=\dimen283
\TX@old@col=\dimen284
\TX@target=\dimen285
\TX@delta=\dimen286
\TX@cols=\count347
\TX@ftn=\toks41
)
("D:/Program Files/Miktex/tex/latex/lastpage/lastpage.sty"
Package: lastpage 2024/04/27 v2.1a lastpage: 2.09 or 2e? (HMM)

("D:/Program Files/Miktex/tex/latex/lastpage/lastpage2e.sty"
Package: lastpage2e 2024/04/27 v2.1a Decide which 2e lastpage version to use (H
MM)

("D:/Program Files/Miktex/tex/latex/lastpage/lastpagemodern.sty"
Package: lastpagemodern 2024-04-27 v2.1a Refers to last page's name (HMM; JPG)
\c@lastpagecount=\count348
) 
)) ("D:/Program Files/Miktex/tex/latex/fancyhdr/fancyhdr.sty"
Package: fancyhdr 2024/04/23 v4.2 Extensive control of page headers and footers

\f@nch@headwidth=\skip61
\f@nch@O@elh=\skip62
\f@nch@O@erh=\skip63
\f@nch@O@olh=\skip64
\f@nch@O@orh=\skip65
\f@nch@O@elf=\skip66
\f@nch@O@erf=\skip67
\f@nch@O@olf=\skip68
\f@nch@O@orf=\skip69
)
("D:/Program Files/Miktex/tex/latex/setspace/setspace.sty"
Package: setspace 2022/12/04 v6.7b set line spacing
)
("D:/Program Files/Miktex/tex/latex/float/float.sty"
Package: float 2001/11/08 v1.3d Float enhancements (AL)
\c@float@type=\count349
\float@exts=\toks42
\float@box=\box138
\@float@everytoks=\toks43
\@floatcapt=\box139
)
\c@rownum=\count350
 (./header.tex)
(./footer.tex) (./Main.aux)
\openout1 = Main.aux

LaTeX Font Info:    Checking defaults for OML/cmm/m/it on input line 93.
LaTeX Font Info:    ... okay on input line 93.
LaTeX Font Info:    Checking defaults for OMS/cmsy/m/n on input line 93.
LaTeX Font Info:    ... okay on input line 93.
LaTeX Font Info:    Checking defaults for OT1/cmr/m/n on input line 93.
LaTeX Font Info:    ... okay on input line 93.
LaTeX Font Info:    Checking defaults for T1/cmr/m/n on input line 93.
LaTeX Font Info:    ... okay on input line 93.
LaTeX Font Info:    Checking defaults for TS1/cmr/m/n on input line 93.
LaTeX Font Info:    Trying to load font information for TS1+cmr on input line 9
3.
 ("D:/Program Files/Miktex/tex/latex/base/ts1cmr.fd"
File: ts1cmr.fd 2023/04/13 v2.5m Standard LaTeX font definitions
)
LaTeX Font Info:    ... okay on input line 93.
LaTeX Font Info:    Checking defaults for TU/lmr/m/n on input line 93.
LaTeX Font Info:    ... okay on input line 93.
LaTeX Font Info:    Checking defaults for OMX/cmex/m/n on input line 93.
LaTeX Font Info:    ... okay on input line 93.
LaTeX Font Info:    Checking defaults for U/cmr/m/n on input line 93.
LaTeX Font Info:    ... okay on input line 93.
LaTeX Info: Redefining \rmfamily on input line 93.
LaTeX Info: Redefining \sffamily on input line 93.
LaTeX Info: Redefining \ttfamily on input line 93.

Package fontspec Info: 
(fontspec)             Adjusting the maths setup (use [no-math] to avoid
(fontspec)             this).

\symlegacymaths=\mathgroup4
LaTeX Font Info:    Overwriting symbol font `legacymaths' in version `bold'
(Font)                  OT1/cmr/m/n --> OT1/cmr/bx/n on input line 93.
LaTeX Font Info:    Redeclaring math accent \acute on input line 93.
LaTeX Font Info:    Redeclaring math accent \grave on input line 93.
LaTeX Font Info:    Redeclaring math accent \ddot on input line 93.
LaTeX Font Info:    Redeclaring math accent \tilde on input line 93.
LaTeX Font Info:    Redeclaring math accent \bar on input line 93.
LaTeX Font Info:    Redeclaring math accent \breve on input line 93.
LaTeX Font Info:    Redeclaring math accent \check on input line 93.
LaTeX Font Info:    Redeclaring math accent \hat on input line 93.
LaTeX Font Info:    Redeclaring math accent \dot on input line 93.
LaTeX Font Info:    Redeclaring math accent \mathring on input line 93.
LaTeX Font Info:    Redeclaring math symbol \colon on input line 93.
LaTeX Font Info:    Redeclaring math symbol \Gamma on input line 93.
LaTeX Font Info:    Redeclaring math symbol \Delta on input line 93.
LaTeX Font Info:    Redeclaring math symbol \Theta on input line 93.
LaTeX Font Info:    Redeclaring math symbol \Lambda on input line 93.
LaTeX Font Info:    Redeclaring math symbol \Xi on input line 93.
LaTeX Font Info:    Redeclaring math symbol \Pi on input line 93.
LaTeX Font Info:    Redeclaring math symbol \Sigma on input line 93.
LaTeX Font Info:    Redeclaring math symbol \Upsilon on input line 93.
LaTeX Font Info:    Redeclaring math symbol \Phi on input line 93.
LaTeX Font Info:    Redeclaring math symbol \Psi on input line 93.
LaTeX Font Info:    Redeclaring math symbol \Omega on input line 93.
LaTeX Font Info:    Redeclaring math symbol \mathdollar on input line 93.
LaTeX Font Info:    Redeclaring symbol font `operators' on input line 93.
LaTeX Font Info:    Encoding `OT1' has changed to `TU' for symbol font
(Font)              `operators' in the math version `normal' on input line 93.
LaTeX Font Info:    Overwriting symbol font `operators' in version `normal'
(Font)                  OT1/cmr/m/n --> TU/Arial(0)/m/n on input line 93.
LaTeX Font Info:    Encoding `OT1' has changed to `TU' for symbol font
(Font)              `operators' in the math version `bold' on input line 93.
LaTeX Font Info:    Overwriting symbol font `operators' in version `bold'
(Font)                  OT1/cmr/bx/n --> TU/Arial(0)/m/n on input line 93.
LaTeX Font Info:    Overwriting symbol font `operators' in version `normal'
(Font)                  TU/Arial(0)/m/n --> TU/Arial(0)/m/n on input line 93.
LaTeX Font Info:    Overwriting math alphabet `\mathit' in version `normal'
(Font)                  OT1/cmr/m/it --> TU/Arial(0)/m/it on input line 93.
LaTeX Font Info:    Overwriting math alphabet `\mathbf' in version `normal'
(Font)                  OT1/cmr/bx/n --> TU/Arial(0)/b/n on input line 93.
LaTeX Font Info:    Overwriting math alphabet `\mathsf' in version `normal'
(Font)                  OT1/cmss/m/n --> TU/ua1/m/n on input line 93.
LaTeX Font Info:    Overwriting math alphabet `\mathtt' in version `normal'
(Font)                  OT1/cmtt/m/n --> TU/lmtt/m/n on input line 93.
LaTeX Font Info:    Overwriting symbol font `operators' in version `bold'
(Font)                  TU/Arial(0)/m/n --> TU/Arial(0)/b/n on input line 93.
LaTeX Font Info:    Overwriting math alphabet `\mathit' in version `bold'
(Font)                  OT1/cmr/bx/it --> TU/Arial(0)/b/it on input line 93.
LaTeX Font Info:    Overwriting math alphabet `\mathsf' in version `bold'
(Font)                  OT1/cmss/bx/n --> TU/ua1/b/n on input line 93.
LaTeX Font Info:    Overwriting math alphabet `\mathtt' in version `bold'
(Font)                  OT1/cmtt/m/n --> TU/lmtt/b/n on input line 93.

*geometry* driver: auto-detecting
*geometry* detected driver: luatex
*geometry* verbose mode - [ preamble ] result:
* driver: luatex
* paper: a4paper
* layout: <same size as paper>
* layoutoffset:(h,v)=(0.0pt,0.0pt)
* modes: 
* h-part:(L,W,R)=(19.91684pt, 557.6742pt, 19.91684pt)
* v-part:(T,H,B)=(25.6073pt, 514.99515pt, 304.4444pt)
* \paperwidth=597.50787pt
* \paperheight=845.04684pt
* \textwidth=557.6742pt
* \textheight=514.99515pt
* \oddsidemargin=-52.35315pt
* \evensidemargin=-52.35315pt
* \topmargin=-83.66269pt
* \headheight=196.32384pt
* \headsep=25.0pt
* \topskip=10.0pt
* \footskip=55.48277pt
* \marginparwidth=57.0pt
* \marginparsep=11.0pt
* \columnsep=10.0pt
* \skip\footins=9.0pt plus 4.0pt minus 2.0pt
* \hoffset=0.0pt
* \voffset=0.0pt
* \mag=1000
* \@twocolumnfalse
* \@twosidefalse
* \@mparswitchfalse
* \@reversemarginfalse
* (1in=72.27pt=25.4mm, 1cm=28.453pt)

Package translations Info: no dictionary file `translations-basic-dictionary-hi
ndustani.trsl' found. on input line 93.

("D:/Program Files/Miktex/tex/latex/translations/dicts/translations-basic-dicti
onary-english.trsl"
File: translations-basic-dictionary-english.trsl (english translation file `tra
nslations-basic-dictionary')
)
Package translations Info: loading dictionary `translations-basic-dictionary' f
or `english'. on input line 93.

("D:/Program Files/Miktex/tex/context/base/mkii/supp-pdf.mkii"
[Loading MPS to PDF converter (version 2006.09.02).]
\scratchcounter=\count351
\scratchdimen=\dimen287
\scratchbox=\box140
\nofMPsegments=\count352
\nofMParguments=\count353
\everyMPshowfont=\toks44
\MPscratchCnt=\count354
\MPscratchDim=\dimen288
\MPnumerator=\count355
\makeMPintoPDFobject=\count356
\everyMPtoPDFconversion=\toks45
) ("D:/Program Files/Miktex/tex/latex/epstopdf-pkg/epstopdf-base.sty"
Package: epstopdf-base 2020-01-24 v2.11 Base part for package epstopdf
Package epstopdf-base Info: Redefining graphics rule for `.eps' on input line 4
85.

("D:/Program Files/Miktex/tex/latex/00miktex/epstopdf-sys.cfg"
File: epstopdf-sys.cfg 2021/03/18 v2.0 Configuration of epstopdf for MiKTeX
))<<sRGB.icc>>
LaTeX Info: Redefining \rmfamily on input line 93.
LaTeX Info: Redefining \sffamily on input line 93.
LaTeX Info: Redefining \ttfamily on input line 93.

(./Page1.tex
LaTeX Font Info:    External font `cmex10' loaded for size
(Font)              <9> on input line 8.
LaTeX Font Info:    External font `cmex10' loaded for size
(Font)              <6> on input line 8.
LaTeX Font Info:    External font `cmex10' loaded for size
(Font)              <5> on input line 8.
 (./inputs/calibratedFor.tex) (./inputs/description.tex)
(./inputs/environmentalConditions.tex) (./inputs/standardsUsed.tex)
(./inputs/tracability.tex) (./inputs/calibrationProcedure.tex))

LaTeX Font Info:    External font `cmex10' loaded for size
(Font)              <7> on input line 95.
<CSIR_logo.png, id=7, 397.485pt x 397.485pt>
File: CSIR_logo.png Graphic file (type png)
<use CSIR_logo.png>
Package luatex.def Info: CSIR_logo.png  used on input line 95.
(luatex.def)             Requested size: 85.35449pt x 85.35449pt.

Overfull \hbox (22.75853pt too wide) has occurred while \output is active
 []|[]| 
 []

LaTeX Info: Redefining \rmfamily on input line 95.
LaTeX Info: Redefining \sffamily on input line 95.
LaTeX Info: Redefining \ttfamily on input line 95.
LaTeX Info: Redefining \rmfamily on input line 95.
LaTeX Info: Redefining \sffamily on input line 95.
LaTeX Info: Redefining \ttfamily on input line 95.
LaTeX Info: Redefining \rmfamily on input line 95.
LaTeX Info: Redefining \sffamily on input line 95.
LaTeX Info: Redefining \ttfamily on input line 95.
LaTeX Info: Redefining \rmfamily on input line 95.
LaTeX Info: Redefining \sffamily on input line 95.
LaTeX Info: Redefining \ttfamily on input line 95.
LaTeX Info: Redefining \rmfamily on input line 95.
LaTeX Info: Redefining \sffamily on input line 95.
LaTeX Info: Redefining \ttfamily on input line 95.
LaTeX Info: Redefining \rmfamily on input line 95.
LaTeX Info: Redefining \sffamily on input line 95.
LaTeX Info: Redefining \ttfamily on input line 95.
LaTeX Info: Redefining \rmfamily on input line 95.
LaTeX Info: Redefining \sffamily on input line 95.
LaTeX Info: Redefining \ttfamily on input line 95.
LaTeX Info: Redefining \rmfamily on input line 95.
LaTeX Info: Redefining \sffamily on input line 95.
LaTeX Info: Redefining \ttfamily on input line 95.
<Logo_NPL_india.png, id=8, 1204.5pt x 1204.5pt>
File: Logo_NPL_india.png Graphic file (type png)
<use Logo_NPL_india.png>
Package luatex.def Info: Logo_NPL_india.png  used on input line 95.
(luatex.def)             Requested size: 66.8634pt x 66.8634pt.
LaTeX Info: Redefining \rmfamily on input line 95.
LaTeX Info: Redefining \sffamily on input line 95.
LaTeX Info: Redefining \ttfamily on input line 95.
("D:/Program Files/Miktex/tex/latex/tools/.tex" File ignored)
LaTeX Info: Redefining \rmfamily on input line 95.
LaTeX Info: Redefining \sffamily on input line 95.
LaTeX Info: Redefining \ttfamily on input line 95.

(./inputs/certificateNo.tex)
LaTeX Info: Redefining \rmfamily on input line 95.
LaTeX Info: Redefining \sffamily on input line 95.
LaTeX Info: Redefining \ttfamily on input line 95.
 ("D:/Program Files/Miktex/tex/latex/tools/.tex"
File ignored)
LaTeX Info: Redefining \rmfamily on input line 95.
LaTeX Info: Redefining \sffamily on input line 95.
LaTeX Info: Redefining \ttfamily on input line 95.
LaTeX Info: Redefining \rmfamily on input line 95.
LaTeX Info: Redefining \sffamily on input line 95.
LaTeX Info: Redefining \ttfamily on input line 95.
LaTeX Info: Redefining \rmfamily on input line 95.
LaTeX Info: Redefining \sffamily on input line 95.
LaTeX Info: Redefining \ttfamily on input line 95.
LaTeX Info: Redefining \rmfamily on input line 95.
LaTeX Info: Redefining \sffamily on input line 95.
LaTeX Info: Redefining \ttfamily on input line 95.
 (./inputs/date.tex) (./inputs/recommendedDate.tex)
Overfull \hbox (3.98315pt too wide) has occurred while \output is active
[] 
 []

LaTeX Info: Redefining \rmfamily on input line 95.
LaTeX Info: Redefining \sffamily on input line 95.
LaTeX Info: Redefining \ttfamily on input line 95.
LaTeX Info: Redefining \rmfamily on input line 95.
LaTeX Info: Redefining \sffamily on input line 95.
LaTeX Info: Redefining \ttfamily on input line 95.
LaTeX Info: Redefining \rmfamily on input line 95.
LaTeX Info: Redefining \sffamily on input line 95.
LaTeX Info: Redefining \ttfamily on input line 95.
(./inputs/calibratedBy.tex) (./inputs/checkedBy.tex) (./inputs/inCharge.tex)
LaTeX Info: Redefining \rmfamily on input line 95.
LaTeX Info: Redefining \sffamily on input line 95.
LaTeX Info: Redefining \ttfamily on input line 95.

("D:/Program Files/Miktex/tex/latex/tools/.tex" File ignored)
Overfull \hbox (39.83365pt too wide) has occurred while \output is active
 [][] 
 []


Overfull \hbox (1.42227pt too wide) has occurred while \output is active
[]
 []

File: Logo_NPL_india.png Graphic file (type png)
<use Logo_NPL_india.png>
Package luatex.def Info: Logo_NPL_india.png  used on input line 95.
(luatex.def)             Requested size: 284.52788pt x 284.52788pt.
[1{C:/Users/HRIDYANSH GAUTAM/AppData/Local/MiKTeX/fonts/map/pdftex/pdftex.map}

<./Logo_NPL_india.png><./CSIR_logo.png>] (./Page2.tex
File: CSIR_logo.png Graphic file (type png)
<use CSIR_logo.png>
Package luatex.def Info: CSIR_logo.png  used on input line 68.
(luatex.def)             Requested size: 85.35449pt x 85.35449pt.

Overfull \hbox (22.75853pt too wide) has occurred while \output is active
 []|[]| 
 []

LaTeX Info: Redefining \rmfamily on input line 68.
LaTeX Info: Redefining \sffamily on input line 68.
LaTeX Info: Redefining \ttfamily on input line 68.
LaTeX Info: Redefining \rmfamily on input line 68.
LaTeX Info: Redefining \sffamily on input line 68.
LaTeX Info: Redefining \ttfamily on input line 68.
LaTeX Info: Redefining \rmfamily on input line 68.
LaTeX Info: Redefining \sffamily on input line 68.
LaTeX Info: Redefining \ttfamily on input line 68.
LaTeX Info: Redefining \rmfamily on input line 68.
LaTeX Info: Redefining \sffamily on input line 68.
LaTeX Info: Redefining \ttfamily on input line 68.
LaTeX Info: Redefining \rmfamily on input line 68.
LaTeX Info: Redefining \sffamily on input line 68.
LaTeX Info: Redefining \ttfamily on input line 68.
LaTeX Info: Redefining \rmfamily on input line 68.
LaTeX Info: Redefining \sffamily on input line 68.
LaTeX Info: Redefining \ttfamily on input line 68.
LaTeX Info: Redefining \rmfamily on input line 68.
LaTeX Info: Redefining \sffamily on input line 68.
LaTeX Info: Redefining \ttfamily on input line 68.
LaTeX Info: Redefining \rmfamily on input line 68.
LaTeX Info: Redefining \sffamily on input line 68.
LaTeX Info: Redefining \ttfamily on input line 68.
File: Logo_NPL_india.png Graphic file (type png)
<use Logo_NPL_india.png>
Package luatex.def Info: Logo_NPL_india.png  used on input line 68.
(luatex.def)             Requested size: 66.8634pt x 66.8634pt.
LaTeX Info: Redefining \rmfamily on input line 68.
LaTeX Info: Redefining \sffamily on input line 68.
LaTeX Info: Redefining \ttfamily on input line 68.
("D:/Program Files/Miktex/tex/latex/tools/.tex" File ignored)
LaTeX Info: Redefining \rmfamily on input line 68.
LaTeX Info: Redefining \sffamily on input line 68.
LaTeX Info: Redefining \ttfamily on input line 68.

(./inputs/certificateNo.tex)
LaTeX Info: Redefining \rmfamily on input line 68.
LaTeX Info: Redefining \sffamily on input line 68.
LaTeX Info: Redefining \ttfamily on input line 68.
 ("D:/Program Files/Miktex/tex/latex/tools/.tex"
File ignored)
LaTeX Info: Redefining \rmfamily on input line 68.
LaTeX Info: Redefining \sffamily on input line 68.
LaTeX Info: Redefining \ttfamily on input line 68.
LaTeX Info: Redefining \rmfamily on input line 68.
LaTeX Info: Redefining \sffamily on input line 68.
LaTeX Info: Redefining \ttfamily on input line 68.
LaTeX Info: Redefining \rmfamily on input line 68.
LaTeX Info: Redefining \sffamily on input line 68.
LaTeX Info: Redefining \ttfamily on input line 68.
LaTeX Info: Redefining \rmfamily on input line 68.
LaTeX Info: Redefining \sffamily on input line 68.
LaTeX Info: Redefining \ttfamily on input line 68.
 (./inputs/date.tex) (./inputs/recommendedDate.tex)
Overfull \hbox (3.98315pt too wide) has occurred while \output is active
[] 
 []

LaTeX Info: Redefining \rmfamily on input line 68.
LaTeX Info: Redefining \sffamily on input line 68.
LaTeX Info: Redefining \ttfamily on input line 68.
LaTeX Info: Redefining \rmfamily on input line 68.
LaTeX Info: Redefining \sffamily on input line 68.
LaTeX Info: Redefining \ttfamily on input line 68.
LaTeX Info: Redefining \rmfamily on input line 68.
LaTeX Info: Redefining \sffamily on input line 68.
LaTeX Info: Redefining \ttfamily on input line 68.
(./inputs/calibratedBy.tex) (./inputs/checkedBy.tex) (./inputs/inCharge.tex)
LaTeX Info: Redefining \rmfamily on input line 68.
LaTeX Info: Redefining \sffamily on input line 68.
LaTeX Info: Redefining \ttfamily on input line 68.

("D:/Program Files/Miktex/tex/latex/tools/.tex" File ignored)
Overfull \hbox (39.83365pt too wide) has occurred while \output is active
 [][] 
 []


Package fancyhdr Warning: \footskip is too small (55.48277pt): 
(fancyhdr)                Make it at least 66.0119pt, for example:
(fancyhdr)                \setlength{\footskip}{66.0119pt}.


Overfull \hbox (1.42227pt too wide) has occurred while \output is active
[]
 []

File: Logo_NPL_india.png Graphic file (type png)
<use Logo_NPL_india.png>
Package luatex.def Info: Logo_NPL_india.png  used on input line 68.
(luatex.def)             Requested size: 284.52788pt x 284.52788pt.
[2]

File: CSIR_logo.png Graphic file (type png)
<use CSIR_logo.png>
Package luatex.def Info: CSIR_logo.png  used on input line 92.
(luatex.def)             Requested size: 85.35449pt x 85.35449pt.

Overfull \hbox (22.75853pt too wide) has occurred while \output is active
 []|[]| 
 []

LaTeX Info: Redefining \rmfamily on input line 92.
LaTeX Info: Redefining \sffamily on input line 92.
LaTeX Info: Redefining \ttfamily on input line 92.
LaTeX Info: Redefining \rmfamily on input line 92.
LaTeX Info: Redefining \sffamily on input line 92.
LaTeX Info: Redefining \ttfamily on input line 92.
LaTeX Info: Redefining \rmfamily on input line 92.
LaTeX Info: Redefining \sffamily on input line 92.
LaTeX Info: Redefining \ttfamily on input line 92.
LaTeX Info: Redefining \rmfamily on input line 92.
LaTeX Info: Redefining \sffamily on input line 92.
LaTeX Info: Redefining \ttfamily on input line 92.
LaTeX Info: Redefining \rmfamily on input line 92.
LaTeX Info: Redefining \sffamily on input line 92.
LaTeX Info: Redefining \ttfamily on input line 92.
LaTeX Info: Redefining \rmfamily on input line 92.
LaTeX Info: Redefining \sffamily on input line 92.
LaTeX Info: Redefining \ttfamily on input line 92.
LaTeX Info: Redefining \rmfamily on input line 92.
LaTeX Info: Redefining \sffamily on input line 92.
LaTeX Info: Redefining \ttfamily on input line 92.
LaTeX Info: Redefining \rmfamily on input line 92.
LaTeX Info: Redefining \sffamily on input line 92.
LaTeX Info: Redefining \ttfamily on input line 92.
File: Logo_NPL_india.png Graphic file (type png)
<use Logo_NPL_india.png>
Package luatex.def Info: Logo_NPL_india.png  used on input line 92.
(luatex.def)             Requested size: 66.8634pt x 66.8634pt.
LaTeX Info: Redefining \rmfamily on input line 92.
LaTeX Info: Redefining \sffamily on input line 92.
LaTeX Info: Redefining \ttfamily on input line 92.
("D:/Program Files/Miktex/tex/latex/tools/.tex" File ignored)
LaTeX Info: Redefining \rmfamily on input line 92.
LaTeX Info: Redefining \sffamily on input line 92.
LaTeX Info: Redefining \ttfamily on input line 92.

(./inputs/certificateNo.tex)
LaTeX Info: Redefining \rmfamily on input line 92.
LaTeX Info: Redefining \sffamily on input line 92.
LaTeX Info: Redefining \ttfamily on input line 92.
 ("D:/Program Files/Miktex/tex/latex/tools/.tex"
File ignored)
LaTeX Info: Redefining \rmfamily on input line 92.
LaTeX Info: Redefining \sffamily on input line 92.
LaTeX Info: Redefining \ttfamily on input line 92.
LaTeX Info: Redefining \rmfamily on input line 92.
LaTeX Info: Redefining \sffamily on input line 92.
LaTeX Info: Redefining \ttfamily on input line 92.
LaTeX Info: Redefining \rmfamily on input line 92.
LaTeX Info: Redefining \sffamily on input line 92.
LaTeX Info: Redefining \ttfamily on input line 92.
LaTeX Info: Redefining \rmfamily on input line 92.
LaTeX Info: Redefining \sffamily on input line 92.
LaTeX Info: Redefining \ttfamily on input line 92.
 (./inputs/date.tex) (./inputs/recommendedDate.tex)
Overfull \hbox (3.98315pt too wide) has occurred while \output is active
[] 
 []

LaTeX Info: Redefining \rmfamily on input line 92.
LaTeX Info: Redefining \sffamily on input line 92.
LaTeX Info: Redefining \ttfamily on input line 92.
LaTeX Info: Redefining \rmfamily on input line 92.
LaTeX Info: Redefining \sffamily on input line 92.
LaTeX Info: Redefining \ttfamily on input line 92.
LaTeX Info: Redefining \rmfamily on input line 92.
LaTeX Info: Redefining \sffamily on input line 92.
LaTeX Info: Redefining \ttfamily on input line 92.
(./inputs/calibratedBy.tex) (./inputs/checkedBy.tex) (./inputs/inCharge.tex)
LaTeX Info: Redefining \rmfamily on input line 92.
LaTeX Info: Redefining \sffamily on input line 92.
LaTeX Info: Redefining \ttfamily on input line 92.

("D:/Program Files/Miktex/tex/latex/tools/.tex" File ignored)
Overfull \hbox (39.83365pt too wide) has occurred while \output is active
 [][] 
 []


Overfull \hbox (1.42227pt too wide) has occurred while \output is active
[]
 []

File: Logo_NPL_india.png Graphic file (type png)
<use Logo_NPL_india.png>
Package luatex.def Info: Logo_NPL_india.png  used on input line 92.
(luatex.def)             Requested size: 284.52788pt x 284.52788pt.
[3]) (./LastPage.tex)<<user_doc.xlsx>>

File: CSIR_logo.png Graphic file (type png)
<use CSIR_logo.png>
Package luatex.def Info: CSIR_logo.png  used on input line 104.
(luatex.def)             Requested size: 85.35449pt x 85.35449pt.

Overfull \hbox (22.75853pt too wide) has occurred while \output is active
 []|[]| 
 []

LaTeX Info: Redefining \rmfamily on input line 104.
LaTeX Info: Redefining \sffamily on input line 104.
LaTeX Info: Redefining \ttfamily on input line 104.
LaTeX Info: Redefining \rmfamily on input line 104.
LaTeX Info: Redefining \sffamily on input line 104.
LaTeX Info: Redefining \ttfamily on input line 104.
LaTeX Info: Redefining \rmfamily on input line 104.
LaTeX Info: Redefining \sffamily on input line 104.
LaTeX Info: Redefining \ttfamily on input line 104.
LaTeX Info: Redefining \rmfamily on input line 104.
LaTeX Info: Redefining \sffamily on input line 104.
LaTeX Info: Redefining \ttfamily on input line 104.
LaTeX Info: Redefining \rmfamily on input line 104.
LaTeX Info: Redefining \sffamily on input line 104.
LaTeX Info: Redefining \ttfamily on input line 104.
LaTeX Info: Redefining \rmfamily on input line 104.
LaTeX Info: Redefining \sffamily on input line 104.
LaTeX Info: Redefining \ttfamily on input line 104.
LaTeX Info: Redefining \rmfamily on input line 104.
LaTeX Info: Redefining \sffamily on input line 104.
LaTeX Info: Redefining \ttfamily on input line 104.
LaTeX Info: Redefining \rmfamily on input line 104.
LaTeX Info: Redefining \sffamily on input line 104.
LaTeX Info: Redefining \ttfamily on input line 104.
File: Logo_NPL_india.png Graphic file (type png)
<use Logo_NPL_india.png>
Package luatex.def Info: Logo_NPL_india.png  used on input line 104.
(luatex.def)             Requested size: 66.8634pt x 66.8634pt.
LaTeX Info: Redefining \rmfamily on input line 104.
LaTeX Info: Redefining \sffamily on input line 104.
LaTeX Info: Redefining \ttfamily on input line 104.
("D:/Program Files/Miktex/tex/latex/tools/.tex" File ignored)
LaTeX Info: Redefining \rmfamily on input line 104.
LaTeX Info: Redefining \sffamily on input line 104.
LaTeX Info: Redefining \ttfamily on input line 104.

(./inputs/certificateNo.tex)
LaTeX Info: Redefining \rmfamily on input line 104.
LaTeX Info: Redefining \sffamily on input line 104.
LaTeX Info: Redefining \ttfamily on input line 104.
 ("D:/Program Files/Miktex/tex/latex/tools/.tex"
File ignored)
LaTeX Info: Redefining \rmfamily on input line 104.
LaTeX Info: Redefining \sffamily on input line 104.
LaTeX Info: Redefining \ttfamily on input line 104.
LaTeX Info: Redefining \rmfamily on input line 104.
LaTeX Info: Redefining \sffamily on input line 104.
LaTeX Info: Redefining \ttfamily on input line 104.
LaTeX Info: Redefining \rmfamily on input line 104.
LaTeX Info: Redefining \sffamily on input line 104.
LaTeX Info: Redefining \ttfamily on input line 104.
LaTeX Info: Redefining \rmfamily on input line 104.
LaTeX Info: Redefining \sffamily on input line 104.
LaTeX Info: Redefining \ttfamily on input line 104.
 (./inputs/date.tex) (./inputs/recommendedDate.tex)
Overfull \hbox (3.98315pt too wide) has occurred while \output is active
[] 
 []

LaTeX Info: Redefining \rmfamily on input line 104.
LaTeX Info: Redefining \sffamily on input line 104.
LaTeX Info: Redefining \ttfamily on input line 104.
LaTeX Info: Redefining \rmfamily on input line 104.
LaTeX Info: Redefining \sffamily on input line 104.
LaTeX Info: Redefining \ttfamily on input line 104.
LaTeX Info: Redefining \rmfamily on input line 104.
LaTeX Info: Redefining \sffamily on input line 104.
LaTeX Info: Redefining \ttfamily on input line 104.
(./inputs/calibratedBy.tex) (./inputs/checkedBy.tex) (./inputs/inCharge.tex)
LaTeX Info: Redefining \rmfamily on input line 104.
LaTeX Info: Redefining \sffamily on input line 104.
LaTeX Info: Redefining \ttfamily on input line 104.

("D:/Program Files/Miktex/tex/latex/tools/.tex" File ignored)
Overfull \hbox (39.83365pt too wide) has occurred while \output is active
 [][] 
 []


Overfull \hbox (1.42227pt too wide) has occurred while \output is active
[]
 []

File: Logo_NPL_india.png Graphic file (type png)
<use Logo_NPL_india.png>
Package luatex.def Info: Logo_NPL_india.png  used on input line 104.
(luatex.def)             Requested size: 284.52788pt x 284.52788pt.
[4]
*geometry* verbose mode - [ newgeometry ] result:
* driver: luatex
* paper: a4paper
* layout: <same size as paper>
* layoutoffset:(h,v)=(0.0pt,0.0pt)
* modes: 
* h-part:(L,W,R)=(34.14322pt, 529.22144pt, 34.14322pt)
* v-part:(T,H,B)=(56.9055pt, 719.8549pt, 68.28644pt)
* \paperwidth=597.50787pt
* \paperheight=845.04684pt
* \textwidth=529.22144pt
* \textheight=719.8549pt
* \oddsidemargin=-38.12677pt
* \evensidemargin=-38.12677pt
* \topmargin=-236.68832pt
* \headheight=196.32384pt
* \headsep=25.0pt
* \topskip=10.0pt
* \footskip=55.48277pt
* \marginparwidth=57.0pt
* \marginparsep=11.0pt
* \columnsep=10.0pt
* \skip\footins=9.0pt plus 4.0pt minus 2.0pt
* \hoffset=0.0pt
* \voffset=0.0pt
* \mag=1000
* \@twocolumnfalse
* \@twosidefalse
* \@mparswitchfalse
* \@reversemarginfalse
* (1in=72.27pt=25.4mm, 1cm=28.453pt)

LaTeX Info: Redefining \rmfamily on input line 104.
LaTeX Info: Redefining \sffamily on input line 104.
LaTeX Info: Redefining \ttfamily on input line 104.
LaTeX Info: Redefining \rmfamily on input line 104.
LaTeX Info: Redefining \sffamily on input line 104.
LaTeX Info: Redefining \ttfamily on input line 104.
LaTeX Info: Redefining \rmfamily on input line 104.
LaTeX Info: Redefining \sffamily on input line 104.
LaTeX Info: Redefining \ttfamily on input line 104.
LaTeX Info: Redefining \rmfamily on input line 104.
LaTeX Info: Redefining \sffamily on input line 104.
LaTeX Info: Redefining \ttfamily on input line 104.
LaTeX Info: Redefining \rmfamily on input line 104.
LaTeX Info: Redefining \sffamily on input line 104.
LaTeX Info: Redefining \ttfamily on input line 104.
LaTeX Info: Redefining \rmfamily on input line 104.
LaTeX Info: Redefining \sffamily on input line 104.
LaTeX Info: Redefining \ttfamily on input line 104.
<NPL_logo_gray.png, id=32, 903.375pt x 903.375pt>
File: NPL_logo_gray.png Graphic file (type png)
<use NPL_logo_gray.png>
Package luatex.def Info: NPL_logo_gray.png  used on input line 104.
(luatex.def)             Requested size: 284.52328pt x 284.52328pt.


[5


<./NPL_logo_gray.png>]

enddocument/afterlastpage: lastpage setting LastPage.
(./Main.aux)
 ***********
LaTeX2e <2024-06-01>
L3 programming layer <2024-05-08>
 ***********
)

Here is how much of LuaTeX's memory you used:
 26944 strings out of 475949
 195387,1977958 words of node,token memory allocated
 466 words of node memory still in use:
   3 hlist, 1 vlist, 1 rule, 2 glue, 3 kern, 1 glyph, 4 attribute, 60 glue_spec,
 4 attribute_list, 1 write nodes
   avail lists: 1:1,2:3863,3:1563,4:54,5:158,6:606,7:11556,8:1,9:6169,10:11,11:3
50
 48623 multiletter control sequences out of 65536+600000
 71 fonts using 32059023 bytes
 117i,29n,114p,1629b,899s stack positions out of 10000i,1000n,20000p,200000b,200000s
<C:/WINDOWS/Fonts/arial.ttf><C:/Users/HRIDYANSH GAUTAM/AppData/Local/Microsoft/W
indows/Fonts/notosansdevanagari-regular.ttf><C:/WINDOWS/Fonts/arialbd.ttf><C:/Us
ers/HRIDYANSH GAUTAM/AppData/Local/Microsoft/Windows/Fonts/notosansdevanagari-bo
ld.ttf>
Output written on Main.pdf (5 pages, 515320 bytes).

PDF statistics: 67 PDF objects out of 1000 (max. 8388607)
 0 named destinations out of 1000 (max. 131072)
 51 words of extra memory for PDF output out of 10000 (max. 100000000)

